2013/07/30 15:52:51 にビルドを開始しました。
ノード 2 上のプロジェクト "C:\Users\kazuma\workspace\PenKobu\build\src\Penkobu.vcxproj" (build ターゲット)。
InitializeBuildStatus:
  "AlwaysCreate" が指定されたため "Penkobu.dir\Debug\Penkobu.unsuccessfulbuild" を作成しています。
CustomBuild:
  Building Custom Rule C:/Users/kazuma/workspace/PenKobu/src/CMakeLists.txt
  CMake does not need to re-run because C:\Users\kazuma\workspace\PenKobu\build\src\CMakeFiles\generate.stamp is up-to-date.
ClCompile:
  C:\Program Files (x86)\Microsoft Visual Studio 10.0\VC\bin\CL.exe /c /I"C:/Program Files (x86)/OpenRTM-aist/1.1/OpenCV2.3/include" /I"C:/Program Files (x86)/OpenRTM-aist/1.1/OpenCV2.3/include/opencv" /I"C:/Program Files (x86)/OpenRTM-aist/1.1/OpenCV2.3/modules/gpu/include" /I"C:/Program Files (x86)/OpenRTM-aist/1.1/OpenCV2.3/modules/contrib/include" /I"C:/Program Files (x86)/OpenRTM-aist/1.1/OpenCV2.3/modules/legacy/include" /I"C:/Program Files (x86)/OpenRTM-aist/1.1/OpenCV2.3/modules/objdetect/include" /I"C:/Program Files (x86)/OpenRTM-aist/1.1/OpenCV2.3/modules/calib3d/include" /I"C:/Program Files (x86)/OpenRTM-aist/1.1/OpenCV2.3/modules/features2d/include" /I"C:/Program Files (x86)/OpenRTM-aist/1.1/OpenCV2.3/modules/video/include" /I"C:/Program Files (x86)/OpenRTM-aist/1.1/OpenCV2.3/modules/highgui/include" /I"C:/Program Files (x86)/OpenRTM-aist/1.1/OpenCV2.3/modules/ml/include" /I"C:/Program Files (x86)/OpenRTM-aist/1.1/OpenCV2.3/modules/imgproc/include" /I"C:/Program Files (x86)/OpenRTM-aist/1.1/OpenCV2.3/modules/flann/include" /I"C:/Program Files (x86)/OpenRTM-aist/1.1/OpenCV2.3/modules/core/include" /IC:/Users/kazuma/workspace/PenKobu/include /IC:/Users/kazuma/workspace/PenKobu/include/Penkobu /IC:/Users/kazuma/workspace/PenKobu/build /IC:/Users/kazuma/workspace/PenKobu/build/idl /I"C:/Program Files (x86)/OpenRTM-aist/1.1" /I"C:/Program Files (x86)/OpenRTM-aist/1.1/rtm/idl" /I"C:/Program Files (x86)/OpenRTM-aist/1.1/omniORB/4.1.5/include" /Zi /nologo /W3 /WX- /Od /Ob0 /Oy- /D WIN32 /D _WINDOWS /D _DEBUG /D __WIN32__ /D __x86__ /D __NT__ /D __OSVERSION__=4 /D _CRT_SECURE_NO_DEPRECATE /D INCLUDE_stub_in_nt_dll /D RTC_CORBA_CXXMAPPING11 /D _WIN32_WINNT=0x0500 /D __WIN32__ /D __x86__ /D __NT__ /D __OSVERSION__=4 /D _CRT_SECURE_NO_DEPRECATE /D "CMAKE_INTDIR=\"Debug\"" /D Penkobu_EXPORTS /D _WINDLL /D _MBCS /Gm- /EHsc /RTC1 /MDd /GS /fp:precise /Zc:wchar_t /Zc:forScope /GR /Fo"Penkobu.dir\Debug\\" /Fd"C:/Users/kazuma/workspace/PenKobu/build/src/Debug/Penkobu.pdb" /Gd /TP /analyze- /errorReport:prompt C:\Users\kazuma\workspace\PenKobu\src\Penkobu.cpp  /Zm1000 
  Penkobu.cpp
C:\Users\kazuma\workspace\PenKobu\include\Penkobu\Penkobu.h : warning C4819: ファイルは、現在のコード ページ (932) で表示できない文字を含んでいます。データの損失を防ぐために、ファイルを Unicode 形式で保存してください。
C:\Program Files (x86)\OpenRTM-aist\1.1\rtm/InPortBase.h(599): warning C4290: C++ の例外の指定は無視されます。関数が __declspec(nothrow) でないことのみ表示されます。
C:\Program Files (x86)\OpenRTM-aist\1.1\rtm/InPortConsumer.h(258): warning C4231: 非標準の拡張機能が使用されています : 'extern' がテンプレートの明示的なインスタンス生成の前に見つかりました。
C:\Program Files (x86)\OpenRTM-aist\1.1\coil/Factory.h(424): warning C4251: 'coil::Factory<AbstractClass,Identifier,Compare,Creator,Destructor>::m_creators' : class 'std::map<_Kty,_Ty>' は __export キーワードを使って class 'coil::Factory<AbstractClass,Identifier,Compare,Creator,Destructor>' にエクスポートしてください。
          with
          [
              AbstractClass=RTC::InPortConsumer,
              Identifier=std::string,
              Compare=std::less<std::string>,
              Creator=RTC::InPortConsumer *(__cdecl *)(void),
              Destructor=void (__cdecl *)(RTC::InPortConsumer *&)
          ]
          and
          [
              _Kty=std::string,
              _Ty=coil::Factory<RTC::InPortConsumer,std::string,std::less<std::string>,RTC::InPortConsumer *(__cdecl *)(void),void (__cdecl *)(RTC::InPortConsumer *&)>::FactoryEntry
          ]
          and
          [
              AbstractClass=RTC::InPortConsumer,
              Identifier=std::string,
              Compare=std::less<std::string>,
              Creator=RTC::InPortConsumer *(__cdecl *)(void),
              Destructor=void (__cdecl *)(RTC::InPortConsumer *&)
          ]
          C:\Program Files (x86)\OpenRTM-aist\1.1\rtm/InPortConsumer.h(258) : コンパイルされたクラスの テンプレート のインスタンス化 'coil::GlobalFactory<AbstractClass>' の参照を確認してください
          with
          [
              AbstractClass=RTC::InPortConsumer
          ]
C:\Program Files (x86)\OpenRTM-aist\1.1\rtm/OutPortProvider.h(551): warning C4231: 非標準の拡張機能が使用されています : 'extern' がテンプレートの明示的なインスタンス生成の前に見つかりました。
C:\Program Files (x86)\OpenRTM-aist\1.1\coil/Factory.h(424): warning C4251: 'coil::Factory<AbstractClass,Identifier,Compare,Creator,Destructor>::m_creators' : class 'std::map<_Kty,_Ty>' は __export キーワードを使って class 'coil::Factory<AbstractClass,Identifier,Compare,Creator,Destructor>' にエクスポートしてください。
          with
          [
              AbstractClass=RTC::OutPortProvider,
              Identifier=std::string,
              Compare=std::less<std::string>,
              Creator=RTC::OutPortProvider *(__cdecl *)(void),
              Destructor=void (__cdecl *)(RTC::OutPortProvider *&)
          ]
          and
          [
              _Kty=std::string,
              _Ty=coil::Factory<RTC::OutPortProvider,std::string,std::less<std::string>,RTC::OutPortProvider *(__cdecl *)(void),void (__cdecl *)(RTC::OutPortProvider *&)>::FactoryEntry
          ]
          and
          [
              AbstractClass=RTC::OutPortProvider,
              Identifier=std::string,
              Compare=std::less<std::string>,
              Creator=RTC::OutPortProvider *(__cdecl *)(void),
              Destructor=void (__cdecl *)(RTC::OutPortProvider *&)
          ]
          C:\Program Files (x86)\OpenRTM-aist\1.1\rtm/OutPortProvider.h(551) : コンパイルされたクラスの テンプレート のインスタンス化 'coil::GlobalFactory<AbstractClass>' の参照を確認してください
          with
          [
              AbstractClass=RTC::OutPortProvider
          ]
C:\Program Files (x86)\OpenRTM-aist\1.1\rtm/OutPortBase.h(777): warning C4290: C++ の例外の指定は無視されます。関数が __declspec(nothrow) でないことのみ表示されます。
ManifestResourceCompile:
  C:\Program Files (x86)\Microsoft SDKs\Windows\v7.0A\bin\rc.exe /nologo /fo"Penkobu.dir\Debug\Penkobu.dll.embed.manifest.res" Penkobu.dir\Debug\Penkobu_manifest.rc 
Link:
  C:\Program Files (x86)\Microsoft Visual Studio 10.0\VC\bin\link.exe /ERRORREPORT:PROMPT /OUT:"C:\Users\kazuma\workspace\PenKobu\build\src\Debug\Penkobu.dll" /INCREMENTAL /NOLOGO /LIBPATH:"C:/Program Files (x86)/OpenRTM-aist/1.1/OpenCV2.3/lib\"\"" /LIBPATH:"C:/Program Files (x86)/OpenRTM-aist/1.1/OpenCV2.3/lib\"\"/Debug" /LIBPATH:"C:/Program Files (x86)/OpenRTM-aist/1.1/bin" /LIBPATH:"C:/Program Files (x86)/OpenRTM-aist/1.1/bin/Debug" /LIBPATH:"C:/Program Files (x86)/OpenRTM-aist/1.1/omniORB/4.1.5/lib/x86_win32" /LIBPATH:"C:/Program Files (x86)/OpenRTM-aist/1.1/omniORB/4.1.5/lib/x86_win32/Debug" kernel32.lib user32.lib gdi32.lib winspool.lib shell32.lib ole32.lib oleaut32.lib uuid.lib comdlg32.lib advapi32.lib RTC110d.lib coil110d.lib omniORB415_rtd.lib omniDynamic415_rtd.lib omnithread34_rtd.lib advapi32.lib ws2_32.lib mswsock.lib opencv_gpu231d.lib opencv_contrib231d.lib opencv_legacy231d.lib opencv_objdetect231d.lib opencv_calib3d231d.lib opencv_features2d231d.lib opencv_video231d.lib opencv_highgui231d.lib opencv_ml231d.lib opencv_imgproc231d.lib opencv_flann231d.lib opencv_core231d.lib /MANIFEST /ManifestFile:"Penkobu.dir\Debug\Penkobu.dll.intermediate.manifest" /MANIFESTUAC:"level='asInvoker' uiAccess='false'" /DEBUG /PDB:"C:/Users/kazuma/workspace/PenKobu/build/src/Debug/Penkobu.pdb" /SUBSYSTEM:CONSOLE /STACK:"10000000" /TLBID:1 /DYNAMICBASE /NXCOMPAT /IMPLIB:"C:/Users/kazuma/workspace/PenKobu/build/src/Debug/Penkobu.lib" /MACHINE:X86 /DLL Penkobu.dir\Debug\Penkobu.dll.embed.manifest.res
  Penkobu.dir\Debug\Penkobu.obj  /machine:X86 /debug 
     ライブラリ C:/Users/kazuma/workspace/PenKobu/build/src/Debug/Penkobu.lib とオブジェクト C:/Users/kazuma/workspace/PenKobu/build/src/Debug/Penkobu.exp を作成中
Manifest:
  C:\Program Files (x86)\Microsoft SDKs\Windows\v7.0A\bin\mt.exe /nologo /verbose /out:"Penkobu.dir\Debug\Penkobu.dll.embed.manifest" /manifest Penkobu.dir\Debug\Penkobu.dll.intermediate.manifest
  C:\Program Files (x86)\Microsoft SDKs\Windows\v7.0A\bin\rc.exe /nologo /fo"Penkobu.dir\Debug\Penkobu.dll.embed.manifest.res" Penkobu.dir\Debug\Penkobu_manifest.rc 
LinkEmbedManifest:
  C:\Program Files (x86)\Microsoft Visual Studio 10.0\VC\bin\link.exe /ERRORREPORT:PROMPT /OUT:"C:\Users\kazuma\workspace\PenKobu\build\src\Debug\Penkobu.dll" /INCREMENTAL /NOLOGO /LIBPATH:"C:/Program Files (x86)/OpenRTM-aist/1.1/OpenCV2.3/lib\"\"" /LIBPATH:"C:/Program Files (x86)/OpenRTM-aist/1.1/OpenCV2.3/lib\"\"/Debug" /LIBPATH:"C:/Program Files (x86)/OpenRTM-aist/1.1/bin" /LIBPATH:"C:/Program Files (x86)/OpenRTM-aist/1.1/bin/Debug" /LIBPATH:"C:/Program Files (x86)/OpenRTM-aist/1.1/omniORB/4.1.5/lib/x86_win32" /LIBPATH:"C:/Program Files (x86)/OpenRTM-aist/1.1/omniORB/4.1.5/lib/x86_win32/Debug" kernel32.lib user32.lib gdi32.lib winspool.lib shell32.lib ole32.lib oleaut32.lib uuid.lib comdlg32.lib advapi32.lib RTC110d.lib coil110d.lib omniORB415_rtd.lib omniDynamic415_rtd.lib omnithread34_rtd.lib advapi32.lib ws2_32.lib mswsock.lib opencv_gpu231d.lib opencv_contrib231d.lib opencv_legacy231d.lib opencv_objdetect231d.lib opencv_calib3d231d.lib opencv_features2d231d.lib opencv_video231d.lib opencv_highgui231d.lib opencv_ml231d.lib opencv_imgproc231d.lib opencv_flann231d.lib opencv_core231d.lib /MANIFEST /ManifestFile:"Penkobu.dir\Debug\Penkobu.dll.intermediate.manifest" /MANIFESTUAC:"level='asInvoker' uiAccess='false'" /DEBUG /PDB:"C:/Users/kazuma/workspace/PenKobu/build/src/Debug/Penkobu.pdb" /SUBSYSTEM:CONSOLE /STACK:"10000000" /TLBID:1 /DYNAMICBASE /NXCOMPAT /IMPLIB:"C:/Users/kazuma/workspace/PenKobu/build/src/Debug/Penkobu.lib" /MACHINE:X86 /DLL Penkobu.dir\Debug\Penkobu.dll.embed.manifest.res
  Penkobu.dir\Debug\Penkobu.obj  /machine:X86 /debug 
     ライブラリ C:/Users/kazuma/workspace/PenKobu/build/src/Debug/Penkobu.lib とオブジェクト C:/Users/kazuma/workspace/PenKobu/build/src/Debug/Penkobu.exp を作成中
  Penkobu.vcxproj -> C:\Users\kazuma\workspace\PenKobu\build\src\Debug\Penkobu.dll
FinalizeBuildStatus:
  ファイル "Penkobu.dir\Debug\Penkobu.unsuccessfulbuild" を削除しています。
  "Penkobu.dir\Debug\Penkobu.lastbuildstate" のタッチ タスクを実行しています。
プロジェクト "C:\Users\kazuma\workspace\PenKobu\build\src\Penkobu.vcxproj" (build ターゲット) のビルドが完了しました。

ビルドに成功しました。

経過時間 00:00:03.32
