Compiling the C compiler identification source file "CMakeCCompilerId.c" failed.
Compiler:  
Build flags: 
Id flags: 

The output was:
1

Microsoft(R) Visual Studio Version 10.0.30319.1.
Copyright (C) Microsoft Corp. All rights reserved.
1>------ ビルド開始: プロジェクト: CompilerIdC, 構成: Debug Win32 ------
1>2013/07/30 16:47:55 にビルドを開始しました。
1>InitializeBuildStatus:
1>  "AlwaysCreate" が指定されたため "Debug\CompilerIdC.unsuccessfulbuild" を作成しています。
1>ClCompile:
1>  CMakeCCompilerId.c
1>CMakeCCompilerId.c : fatal error C1074: 'IDB' は PDB ファイルには無効な拡張子です:
1>
1>ビルドに失敗しました。
1>
1>経過時間 00:00:00.10
========== ビルド: 0 正常終了、1 失敗、0 更新不要、0 スキップ ==========


Compiling the CXX compiler identification source file "CMakeCXXCompilerId.cpp" failed.
Compiler:  
Build flags: 
Id flags: 

The output was:
1

Microsoft(R) Visual Studio Version 10.0.30319.1.
Copyright (C) Microsoft Corp. All rights reserved.
1>------ ビルド開始: プロジェクト: CompilerIdCXX, 構成: Debug Win32 ------
1>2013/07/30 16:47:58 にビルドを開始しました。
1>InitializeBuildStatus:
1>  "AlwaysCreate" が指定されたため "Debug\CompilerIdCXX.unsuccessfulbuild" を作成しています。
1>ClCompile:
1>  CMakeCXXCompilerId.cpp
1>CMakeCXXCompilerId.cpp : fatal error C1074: 'IDB' は PDB ファイルには無効な拡張子です:
1>
1>ビルドに失敗しました。
1>
1>経過時間 00:00:00.10
========== ビルド: 0 正常終了、1 失敗、0 更新不要、0 スキップ ==========


Compiling the C compiler identification source file "CMakeCCompilerId.c" failed.
Compiler:  
Build flags: 
Id flags: 

The output was:
1

Microsoft(R) Visual Studio Version 10.0.30319.1.
Copyright (C) Microsoft Corp. All rights reserved.
1>------ ビルド開始: プロジェクト: CompilerIdC, 構成: Debug Win32 ------
1>2013/07/30 16:49:11 にビルドを開始しました。
1>InitializeBuildStatus:
1>  "AlwaysCreate" が指定されたため "Debug\CompilerIdC.unsuccessfulbuild" を作成しています。
1>ClCompile:
1>  CMakeCCompilerId.c
1>CMakeCCompilerId.c : fatal error C1074: 'IDB' は PDB ファイルには無効な拡張子です:
1>
1>ビルドに失敗しました。
1>
1>経過時間 00:00:00.10
========== ビルド: 0 正常終了、1 失敗、0 更新不要、0 スキップ ==========


Compiling the CXX compiler identification source file "CMakeCXXCompilerId.cpp" failed.
Compiler:  
Build flags: 
Id flags: 

The output was:
1

Microsoft(R) Visual Studio Version 10.0.30319.1.
Copyright (C) Microsoft Corp. All rights reserved.
1>------ ビルド開始: プロジェクト: CompilerIdCXX, 構成: Debug Win32 ------
1>2013/07/30 16:49:13 にビルドを開始しました。
1>InitializeBuildStatus:
1>  "AlwaysCreate" が指定されたため "Debug\CompilerIdCXX.unsuccessfulbuild" を作成しています。
1>ClCompile:
1>  CMakeCXXCompilerId.cpp
1>CMakeCXXCompilerId.cpp : fatal error C1074: 'IDB' は PDB ファイルには無効な拡張子です:
1>
1>ビルドに失敗しました。
1>
1>経過時間 00:00:00.12
========== ビルド: 0 正常終了、1 失敗、0 更新不要、0 スキップ ==========


Compiling the C compiler identification source file "CMakeCCompilerId.c" failed.
Compiler:  
Build flags: 
Id flags: 

The output was:
1

Microsoft(R) Visual Studio Version 10.0.30319.1.
Copyright (C) Microsoft Corp. All rights reserved.
1>------ ビルド開始: プロジェクト: CompilerIdC, 構成: Debug Win32 ------
1>2013/07/30 16:49:18 にビルドを開始しました。
1>InitializeBuildStatus:
1>  "AlwaysCreate" が指定されたため "Debug\CompilerIdC.unsuccessfulbuild" を作成しています。
1>ClCompile:
1>  CMakeCCompilerId.c
1>CMakeCCompilerId.c : fatal error C1074: 'IDB' は PDB ファイルには無効な拡張子です:
1>
1>ビルドに失敗しました。
1>
1>経過時間 00:00:00.12
========== ビルド: 0 正常終了、1 失敗、0 更新不要、0 スキップ ==========


Compiling the CXX compiler identification source file "CMakeCXXCompilerId.cpp" failed.
Compiler:  
Build flags: 
Id flags: 

The output was:
1

Microsoft(R) Visual Studio Version 10.0.30319.1.
Copyright (C) Microsoft Corp. All rights reserved.
1>------ ビルド開始: プロジェクト: CompilerIdCXX, 構成: Debug Win32 ------
1>2013/07/30 16:49:22 にビルドを開始しました。
1>InitializeBuildStatus:
1>  "AlwaysCreate" が指定されたため "Debug\CompilerIdCXX.unsuccessfulbuild" を作成しています。
1>ClCompile:
1>  CMakeCXXCompilerId.cpp
1>CMakeCXXCompilerId.cpp : fatal error C1074: 'IDB' は PDB ファイルには無効な拡張子です:
1>
1>ビルドに失敗しました。
1>
1>経過時間 00:00:00.18
========== ビルド: 0 正常終了、1 失敗、0 更新不要、0 スキップ ==========


Compiling the C compiler identification source file "CMakeCCompilerId.c" failed.
Compiler:  
Build flags: 
Id flags: 

The output was:
1

Microsoft(R) Visual Studio Version 10.0.30319.1.
Copyright (C) Microsoft Corp. All rights reserved.
1>------ ビルド開始: プロジェクト: CompilerIdC, 構成: Debug Win32 ------
1>2013/07/30 16:51:39 にビルドを開始しました。
1>InitializeBuildStatus:
1>  "AlwaysCreate" が指定されたため "Debug\CompilerIdC.unsuccessfulbuild" を作成しています。
1>ClCompile:
1>  CMakeCCompilerId.c
1>CMakeCCompilerId.c : fatal error C1074: 'IDB' は PDB ファイルには無効な拡張子です:
1>
1>ビルドに失敗しました。
1>
1>経過時間 00:00:00.12
========== ビルド: 0 正常終了、1 失敗、0 更新不要、0 スキップ ==========


Compiling the CXX compiler identification source file "CMakeCXXCompilerId.cpp" failed.
Compiler:  
Build flags: 
Id flags: 

The output was:
1

Microsoft(R) Visual Studio Version 10.0.30319.1.
Copyright (C) Microsoft Corp. All rights reserved.
1>------ ビルド開始: プロジェクト: CompilerIdCXX, 構成: Debug Win32 ------
1>2013/07/30 16:51:41 にビルドを開始しました。
1>InitializeBuildStatus:
1>  "AlwaysCreate" が指定されたため "Debug\CompilerIdCXX.unsuccessfulbuild" を作成しています。
1>ClCompile:
1>  CMakeCXXCompilerId.cpp
1>CMakeCXXCompilerId.cpp : fatal error C1074: 'IDB' は PDB ファイルには無効な拡張子です:
1>
1>ビルドに失敗しました。
1>
1>経過時間 00:00:00.12
========== ビルド: 0 正常終了、1 失敗、0 更新不要、0 スキップ ==========


Compiling the C compiler identification source file "CMakeCCompilerId.c" failed.
Compiler:  
Build flags: 
Id flags: 

The output was:
1

Microsoft(R) Visual Studio Version 10.0.30319.1.
Copyright (C) Microsoft Corp. All rights reserved.
1>------ ビルド開始: プロジェクト: CompilerIdC, 構成: Debug Win32 ------
1>2013/07/30 17:01:26 にビルドを開始しました。
1>InitializeBuildStatus:
1>  "AlwaysCreate" が指定されたため "Debug\CompilerIdC.unsuccessfulbuild" を作成しています。
1>ClCompile:
1>  CMakeCCompilerId.c
1>CMakeCCompilerId.c : fatal error C1074: 'IDB' は PDB ファイルには無効な拡張子です:
1>
1>ビルドに失敗しました。
1>
1>経過時間 00:00:00.16
========== ビルド: 0 正常終了、1 失敗、0 更新不要、0 スキップ ==========


Compiling the CXX compiler identification source file "CMakeCXXCompilerId.cpp" failed.
Compiler:  
Build flags: 
Id flags: 

The output was:
1

Microsoft(R) Visual Studio Version 10.0.30319.1.
Copyright (C) Microsoft Corp. All rights reserved.
1>------ ビルド開始: プロジェクト: CompilerIdCXX, 構成: Debug Win32 ------
1>2013/07/30 17:01:30 にビルドを開始しました。
1>InitializeBuildStatus:
1>  "AlwaysCreate" が指定されたため "Debug\CompilerIdCXX.unsuccessfulbuild" を作成しています。
1>ClCompile:
1>  CMakeCXXCompilerId.cpp
1>CMakeCXXCompilerId.cpp : fatal error C1074: 'IDB' は PDB ファイルには無効な拡張子です:
1>
1>ビルドに失敗しました。
1>
1>経過時間 00:00:00.14
========== ビルド: 0 正常終了、1 失敗、0 更新不要、0 スキップ ==========


